13:21:27.412 [main] INFO  testCases.TC_001_AccountRegistrationTest - Validating expected mssg.....
13:21:27.525 [main] INFO  testCases.TC_001_AccountRegistrationTest - ****** Finished TC_001_AccountRegistrationTest *******
13:21:27.525 [main] DEBUG testCases.TC_001_AccountRegistrationTest - application log finished....
13:21:30.530 [main] INFO  testCases.TC_002_LoginTest - ***** Starting TC_002_LoginTest *****
13:21:30.531 [main] DEBUG testCases.TC_002_LoginTest - capturing application debug logs.....
13:21:31.256 [main] INFO  testCases.TC_002_LoginTest - Clicked on Login link.....
13:21:31.274 [main] INFO  testCases.TC_002_LoginTest - entering valid email....
13:21:31.414 [main] INFO  testCases.TC_002_LoginTest - entering valid password....
13:21:31.531 [main] INFO  testCases.TC_002_LoginTest - clicking on login button....
13:21:32.610 [main] INFO  testCases.TC_002_LoginTest - login test passed....
13:21:32.610 [main] INFO  testCases.TC_002_LoginTest - ***** Finished TC_002_LoginTest *****
13:21:59.858 [main] INFO  testCases.TC_001_AccountRegistrationTest - ****** starting TC_001_AccountRegistrationTest *******
13:21:59.867 [main] DEBUG testCases.TC_001_AccountRegistrationTest - application log started.....
13:21:59.899 [main] INFO  testCases.TC_001_AccountRegistrationTest - Clicking on Registration link
13:22:00.527 [main] INFO  testCases.TC_001_AccountRegistrationTest - Entering customer information
13:22:01.984 [main] INFO  testCases.TC_001_AccountRegistrationTest - Clicked on Register button.....
13:22:03.547 [main] INFO  testCases.TC_001_AccountRegistrationTest - Validating expected mssg.....
13:22:03.649 [main] INFO  testCases.TC_001_AccountRegistrationTest - ****** Finished TC_001_AccountRegistrationTest *******
13:22:03.649 [main] DEBUG testCases.TC_001_AccountRegistrationTest - application log finished....
13:22:06.460 [main] INFO  testCases.TC_002_LoginTest - ***** Starting TC_002_LoginTest *****
13:22:06.460 [main] DEBUG testCases.TC_002_LoginTest - capturing application debug logs.....
13:22:07.204 [main] INFO  testCases.TC_002_LoginTest - Clicked on Login link.....
13:22:07.208 [main] INFO  testCases.TC_002_LoginTest - entering valid email....
13:22:07.356 [main] INFO  testCases.TC_002_LoginTest - entering valid password....
13:22:07.484 [main] INFO  testCases.TC_002_LoginTest - clicking on login button....
13:22:09.679 [main] INFO  testCases.TC_002_LoginTest - login test passed....
13:22:09.679 [main] INFO  testCases.TC_002_LoginTest - ***** Finished TC_002_LoginTest *****
17:49:23.608 [main] INFO  testCases.TC_001_AccountRegistrationTest - ****** starting TC_001_AccountRegistrationTest *******
17:49:23.616 [main] DEBUG testCases.TC_001_AccountRegistrationTest - application log started.....
17:49:23.763 [main] INFO  testCases.TC_001_AccountRegistrationTest - Clicking on Registration link
17:49:24.507 [main] INFO  testCases.TC_001_AccountRegistrationTest - Entering customer information
17:49:25.916 [main] INFO  testCases.TC_001_AccountRegistrationTest - Clicked on Register button.....
17:49:26.767 [main] INFO  testCases.TC_001_AccountRegistrationTest - Validating expected mssg.....
17:49:26.839 [main] INFO  testCases.TC_001_AccountRegistrationTest - ****** Finished TC_001_AccountRegistrationTest *******
17:49:26.839 [main] DEBUG testCases.TC_001_AccountRegistrationTest - application log finished....
17:49:30.510 [main] INFO  testCases.TC_002_LoginTest - ***** Starting TC_002_LoginTest *****
17:49:30.510 [main] DEBUG testCases.TC_002_LoginTest - capturing application debug logs.....
17:49:31.257 [main] INFO  testCases.TC_002_LoginTest - Clicked on Login link.....
17:49:31.275 [main] INFO  testCases.TC_002_LoginTest - entering valid email....
17:49:31.401 [main] INFO  testCases.TC_002_LoginTest - entering valid password....
17:49:31.508 [main] INFO  testCases.TC_002_LoginTest - clicking on login button....
17:49:42.069 [main] ERROR testCases.TC_002_LoginTest - login test failed
