18:36:32.218 [main] INFO  testCases.TC_001_AccountRegistrationTest - ****** starting TC_001_AccountRegistrationTest *******
18:36:32.277 [main] INFO  testCases.TC_001_AccountRegistrationTest - Clicking on Registration link
18:36:32.917 [main] INFO  testCases.TC_001_AccountRegistrationTest - Entering customer information
18:36:34.033 [main] INFO  testCases.TC_001_AccountRegistrationTest - Clicked on Register button.....
18:36:34.903 [main] INFO  testCases.TC_001_AccountRegistrationTest - Validating expected mssg.....
18:36:34.967 [main] INFO  testCases.TC_001_AccountRegistrationTest - ****** Finished TC_001_AccountRegistrationTest *******
18:42:53.662 [main] INFO  testCases.TC_001_AccountRegistrationTest - ****** starting TC_001_AccountRegistrationTest *******
18:42:53.729 [main] INFO  testCases.TC_001_AccountRegistrationTest - Clicking on Registration link
18:42:54.339 [main] INFO  testCases.TC_001_AccountRegistrationTest - Entering customer information
18:42:55.428 [main] INFO  testCases.TC_001_AccountRegistrationTest - Clicked on Register button.....
18:42:56.257 [main] INFO  testCases.TC_001_AccountRegistrationTest - Validating expected mssg.....
18:42:56.296 [main] INFO  testCases.TC_001_AccountRegistrationTest - test failed....
18:43:40.819 [main] INFO  testCases.TC_001_AccountRegistrationTest - ****** starting TC_001_AccountRegistrationTest *******
18:43:40.871 [main] INFO  testCases.TC_001_AccountRegistrationTest - Clicking on Registration link
18:43:41.514 [main] INFO  testCases.TC_001_AccountRegistrationTest - Entering customer information
18:43:42.592 [main] INFO  testCases.TC_001_AccountRegistrationTest - Clicked on Register button.....
18:43:43.460 [main] INFO  testCases.TC_001_AccountRegistrationTest - Validating expected mssg.....
18:43:43.545 [main] INFO  testCases.TC_001_AccountRegistrationTest - ****** Finished TC_001_AccountRegistrationTest *******
18:55:55.543 [main] INFO  testCases.TC_001_AccountRegistrationTest - ****** starting TC_001_AccountRegistrationTest *******
18:55:55.555 [main] DEBUG testCases.TC_001_AccountRegistrationTest - application log started.....
18:55:55.622 [main] INFO  testCases.TC_001_AccountRegistrationTest - Clicking on Registration link
18:55:56.236 [main] INFO  testCases.TC_001_AccountRegistrationTest - Entering customer information
18:55:57.296 [main] INFO  testCases.TC_001_AccountRegistrationTest - Clicked on Register button.....
18:55:58.158 [main] INFO  testCases.TC_001_AccountRegistrationTest - Validating expected mssg.....
18:55:58.224 [main] INFO  testCases.TC_001_AccountRegistrationTest - ****** Finished TC_001_AccountRegistrationTest *******
18:55:58.224 [main] DEBUG testCases.TC_001_AccountRegistrationTest - application log finished....
19:24:56.035 [main] INFO  testCases.TC_001_AccountRegistrationTest - ****** starting TC_001_AccountRegistrationTest *******
19:24:56.053 [main] DEBUG testCases.TC_001_AccountRegistrationTest - application log started.....
19:24:56.091 [main] INFO  testCases.TC_001_AccountRegistrationTest - Clicking on Registration link
19:24:56.769 [main] INFO  testCases.TC_001_AccountRegistrationTest - Entering customer information
19:24:57.846 [main] INFO  testCases.TC_001_AccountRegistrationTest - Clicked on Register button.....
19:24:59.349 [main] INFO  testCases.TC_001_AccountRegistrationTest - Validating expected mssg.....
19:24:59.409 [main] INFO  testCases.TC_001_AccountRegistrationTest - ****** Finished TC_001_AccountRegistrationTest *******
19:24:59.409 [main] DEBUG testCases.TC_001_AccountRegistrationTest - application log finished....
19:25:36.298 [main] INFO  testCases.TC_001_AccountRegistrationTest - ****** starting TC_001_AccountRegistrationTest *******
19:25:36.305 [main] DEBUG testCases.TC_001_AccountRegistrationTest - application log started.....
19:25:36.354 [main] INFO  testCases.TC_001_AccountRegistrationTest - Clicking on Registration link
19:25:37.028 [main] INFO  testCases.TC_001_AccountRegistrationTest - Entering customer information
19:25:38.176 [main] INFO  testCases.TC_001_AccountRegistrationTest - Clicked on Register button.....
19:25:39.101 [main] INFO  testCases.TC_001_AccountRegistrationTest - Validating expected mssg.....
19:25:39.157 [main] INFO  testCases.TC_001_AccountRegistrationTest - ****** Finished TC_001_AccountRegistrationTest *******
19:25:39.158 [main] DEBUG testCases.TC_001_AccountRegistrationTest - application log finished....
19:25:55.287 [main] INFO  testCases.TC_001_AccountRegistrationTest - ****** starting TC_001_AccountRegistrationTest *******
19:25:55.291 [main] DEBUG testCases.TC_001_AccountRegistrationTest - application log started.....
19:25:55.323 [main] INFO  testCases.TC_001_AccountRegistrationTest - Clicking on Registration link
19:25:55.324 [main] ERROR testCases.TC_001_AccountRegistrationTest - test failed....
15:13:33.441 [main] INFO  testCases.TC_001_AccountRegistrationTest - ****** starting TC_001_AccountRegistrationTest *******
