13:19:39.036 [main] DEBUG org.apache.poi.ooxml.POIXMLFactory - using default POIXMLDocumentPart for http://schemas.openxmlformats.org/officeDocument/2006/relationships/printerSettings
13:19:39.079 [main] DEBUG org.apache.poi.openxml4j.opc.PackageRelationshipCollection - Parsing relationship: /xl/_rels/workbook.xml.rels
13:19:39.080 [main] DEBUG org.apache.poi.openxml4j.opc.PackageRelationshipCollection - Parsing relationship: /xl/worksheets/_rels/sheet1.xml.rels
13:19:39.082 [main] DEBUG org.apache.poi.openxml4j.opc.PackageRelationshipCollection - Parsing relationship: /_rels/.rels
13:19:39.102 [main] DEBUG org.apache.poi.ooxml.POIXMLFactory - using default POIXMLDocumentPart for http://schemas.openxmlformats.org/officeDocument/2006/relationships/printerSettings
13:19:39.121 [main] DEBUG org.apache.poi.openxml4j.opc.PackageRelationshipCollection - Parsing relationship: /xl/_rels/workbook.xml.rels
13:19:39.122 [main] DEBUG org.apache.poi.openxml4j.opc.PackageRelationshipCollection - Parsing relationship: /xl/worksheets/_rels/sheet1.xml.rels
13:19:39.124 [main] DEBUG org.apache.poi.openxml4j.opc.PackageRelationshipCollection - Parsing relationship: /_rels/.rels
13:19:39.134 [main] DEBUG org.apache.poi.ooxml.POIXMLFactory - using default POIXMLDocumentPart for http://schemas.openxmlformats.org/officeDocument/2006/relationships/printerSettings
13:19:39.168 [main] INFO  testCases.TC_003_LoginDDT - **** Starting TC_003_LoginDDT *****
13:19:41.932 [main] INFO  testCases.TC_003_LoginDDT - **** Finished TC_003_LoginDDT *****
13:19:41.944 [main] INFO  testCases.TC_003_LoginDDT - **** Starting TC_003_LoginDDT *****
13:19:53.252 [main] INFO  testCases.TC_003_LoginDDT - **** Finished TC_003_LoginDDT *****
13:19:53.259 [main] INFO  testCases.TC_003_LoginDDT - **** Starting TC_003_LoginDDT *****
13:20:04.544 [main] INFO  testCases.TC_003_LoginDDT - **** Finished TC_003_LoginDDT *****
13:20:04.552 [main] INFO  testCases.TC_003_LoginDDT - **** Starting TC_003_LoginDDT *****
13:20:15.909 [main] INFO  testCases.TC_003_LoginDDT - **** Finished TC_003_LoginDDT *****
13:20:15.920 [main] INFO  testCases.TC_003_LoginDDT - **** Starting TC_003_LoginDDT *****
13:20:18.582 [main] INFO  testCases.TC_003_LoginDDT - **** Finished TC_003_LoginDDT *****
15:41:55.185 [main] INFO  testCases.TC_002_LoginTest - ***** Starting TC_002_LoginTest *****
15:41:55.200 [main] DEBUG testCases.TC_002_LoginTest - capturing application debug logs.....
15:41:55.910 [main] INFO  testCases.TC_002_LoginTest - Clicked on Login link.....
15:41:55.911 [main] INFO  testCases.TC_002_LoginTest - entering valid email....
15:41:56.054 [main] INFO  testCases.TC_002_LoginTest - entering valid password....
15:41:56.165 [main] INFO  testCases.TC_002_LoginTest - clicking on login button....
15:42:03.669 [main] ERROR testCases.TC_002_LoginTest - login test failed
15:43:38.394 [main] INFO  testCases.TC_002_LoginTest - ***** Starting TC_002_LoginTest *****
15:43:38.403 [main] DEBUG testCases.TC_002_LoginTest - capturing application debug logs.....
15:43:39.080 [main] INFO  testCases.TC_002_LoginTest - Clicked on Login link.....
15:43:39.082 [main] INFO  testCases.TC_002_LoginTest - entering valid email....
15:43:39.242 [main] INFO  testCases.TC_002_LoginTest - entering valid password....
15:43:39.356 [main] INFO  testCases.TC_002_LoginTest - clicking on login button....
15:43:40.324 [main] INFO  testCases.TC_002_LoginTest - login test passed....
15:43:40.327 [main] INFO  testCases.TC_002_LoginTest - ***** Finished TC_002_LoginTest *****
15:44:35.249 [main] INFO  testCases.TC_001_AccountRegistrationTest - ****** starting TC_001_AccountRegistrationTest *******
15:44:35.263 [main] DEBUG testCases.TC_001_AccountRegistrationTest - application log started.....
15:44:35.322 [main] INFO  testCases.TC_001_AccountRegistrationTest - Clicking on Registration link
15:44:35.938 [main] INFO  testCases.TC_001_AccountRegistrationTest - Entering customer information
15:44:37.002 [main] INFO  testCases.TC_001_AccountRegistrationTest - Clicked on Register button.....
15:44:37.846 [main] INFO  testCases.TC_001_AccountRegistrationTest - Validating expected mssg.....
15:44:37.915 [main] INFO  testCases.TC_001_AccountRegistrationTest - ****** Finished TC_001_AccountRegistrationTest *******
15:44:37.915 [main] DEBUG testCases.TC_001_AccountRegistrationTest - application log finished....
15:45:10.992 [main] INFO  testCases.TC_001_AccountRegistrationTest - ****** starting TC_001_AccountRegistrationTest *******
15:45:11.002 [main] DEBUG testCases.TC_001_AccountRegistrationTest - application log started.....
15:45:11.048 [main] INFO  testCases.TC_001_AccountRegistrationTest - Clicking on Registration link
15:45:11.705 [main] INFO  testCases.TC_001_AccountRegistrationTest - Entering customer information
15:45:12.794 [main] INFO  testCases.TC_001_AccountRegistrationTest - Clicked on Register button.....
15:45:13.698 [main] INFO  testCases.TC_001_AccountRegistrationTest - Validating expected mssg.....
