14:26:01.639 [main] INFO  testCases.TC_002_LoginTest - entering valid email....
14:31:31.644 [main] INFO  testCases.TC_002_LoginTest - ***** Starting TC_002_LoginTest *****
14:31:31.653 [main] DEBUG testCases.TC_002_LoginTest - capturing application debug logs.....
14:31:32.405 [main] INFO  testCases.TC_002_LoginTest - Clicked on Login link.....
14:31:32.406 [main] INFO  testCases.TC_002_LoginTest - entering valid email....
14:38:36.184 [main] INFO  testCases.TC_002_LoginTest - ***** Starting TC_002_LoginTest *****
14:38:36.194 [main] DEBUG testCases.TC_002_LoginTest - capturing application debug logs.....
14:38:36.919 [main] INFO  testCases.TC_002_LoginTest - Clicked on Login link.....
14:38:36.921 [main] INFO  testCases.TC_002_LoginTest - entering valid email....
14:39:50.498 [main] INFO  testCases.TC_002_LoginTest - ***** Starting TC_002_LoginTest *****
14:39:50.505 [main] DEBUG testCases.TC_002_LoginTest - capturing application debug logs.....
14:39:51.225 [main] INFO  testCases.TC_002_LoginTest - Clicked on Login link.....
14:39:51.227 [main] INFO  testCases.TC_002_LoginTest - entering valid email....
14:39:51.442 [main] INFO  testCases.TC_002_LoginTest - entering valid password....
14:41:26.789 [main] INFO  testCases.TC_002_LoginTest - ***** Starting TC_002_LoginTest *****
14:41:26.795 [main] DEBUG testCases.TC_002_LoginTest - capturing application debug logs.....
14:41:27.913 [main] INFO  testCases.TC_002_LoginTest - Clicked on Login link.....
14:41:27.915 [main] INFO  testCases.TC_002_LoginTest - entering valid email....
14:41:28.098 [main] INFO  testCases.TC_002_LoginTest - entering valid password....
14:41:28.221 [main] INFO  testCases.TC_002_LoginTest - clicking on login button....
14:41:29.493 [main] ERROR testCases.TC_002_LoginTest - login test failed
14:42:26.674 [main] INFO  testCases.TC_002_LoginTest - ***** Starting TC_002_LoginTest *****
14:42:26.686 [main] DEBUG testCases.TC_002_LoginTest - capturing application debug logs.....
14:42:27.487 [main] INFO  testCases.TC_002_LoginTest - Clicked on Login link.....
14:42:27.488 [main] INFO  testCases.TC_002_LoginTest - entering valid email....
14:42:27.643 [main] INFO  testCases.TC_002_LoginTest - entering valid password....
14:42:27.761 [main] INFO  testCases.TC_002_LoginTest - clicking on login button....
14:42:28.885 [main] ERROR testCases.TC_002_LoginTest - login test failed
14:46:23.670 [main] INFO  testCases.TC_002_LoginTest - ***** Starting TC_002_LoginTest *****
14:46:23.677 [main] DEBUG testCases.TC_002_LoginTest - capturing application debug logs.....
14:46:24.460 [main] INFO  testCases.TC_002_LoginTest - Clicked on Login link.....
14:46:24.463 [main] INFO  testCases.TC_002_LoginTest - entering valid email....
14:46:24.622 [main] INFO  testCases.TC_002_LoginTest - entering valid password....
14:46:24.732 [main] INFO  testCases.TC_002_LoginTest - clicking on login button....
14:46:25.740 [main] INFO  testCases.TC_002_LoginTest - login test passed....
14:46:25.743 [main] INFO  testCases.TC_002_LoginTest - ***** Finished TC_002_LoginTest *****
14:47:31.702 [main] INFO  testCases.TC_002_LoginTest - ***** Starting TC_002_LoginTest *****
14:47:31.710 [main] DEBUG testCases.TC_002_LoginTest - capturing application debug logs.....
14:47:32.681 [main] INFO  testCases.TC_002_LoginTest - Clicked on Login link.....
14:47:32.684 [main] INFO  testCases.TC_002_LoginTest - entering valid email....
14:47:32.898 [main] INFO  testCases.TC_002_LoginTest - entering valid password....
14:47:33.011 [main] INFO  testCases.TC_002_LoginTest - clicking on login button....
14:47:34.066 [main] INFO  testCases.TC_002_LoginTest - login test passed....
14:47:34.073 [main] INFO  testCases.TC_002_LoginTest - ***** Finished TC_002_LoginTest *****
14:55:35.073 [main] INFO  testCases.TC_002_LoginTest - ***** Starting TC_002_LoginTest *****
14:55:35.078 [main] DEBUG testCases.TC_002_LoginTest - capturing application debug logs.....
14:55:35.718 [main] INFO  testCases.TC_002_LoginTest - Clicked on Login link.....
14:55:35.721 [main] INFO  testCases.TC_002_LoginTest - entering valid email....
14:55:35.852 [main] INFO  testCases.TC_002_LoginTest - entering valid password....
14:55:35.962 [main] INFO  testCases.TC_002_LoginTest - clicking on login button....
14:55:36.964 [main] INFO  testCases.TC_002_LoginTest - login test passed....
14:55:36.967 [main] INFO  testCases.TC_002_LoginTest - ***** Finished TC_002_LoginTest *****
14:57:00.598 [main] INFO  testCases.TC_001_AccountRegistrationTest - ****** starting TC_001_AccountRegistrationTest *******
14:57:00.614 [main] DEBUG testCases.TC_001_AccountRegistrationTest - application log started.....
14:57:00.647 [main] INFO  testCases.TC_001_AccountRegistrationTest - Clicking on Registration link
14:57:01.280 [main] INFO  testCases.TC_001_AccountRegistrationTest - Entering customer information
14:57:02.403 [main] INFO  testCases.TC_001_AccountRegistrationTest - Clicked on Register button.....
