15:45:13.763 [main] INFO  testCases.TC_001_AccountRegistrationTest - ****** Finished TC_001_AccountRegistrationTest *******
15:45:13.770 [main] DEBUG testCases.TC_001_AccountRegistrationTest - application log finished....
15:45:17.242 [main] INFO  testCases.TC_002_LoginTest - ***** Starting TC_002_LoginTest *****
15:45:17.242 [main] DEBUG testCases.TC_002_LoginTest - capturing application debug logs.....
15:45:17.968 [main] INFO  testCases.TC_002_LoginTest - Clicked on Login link.....
15:45:17.972 [main] INFO  testCases.TC_002_LoginTest - entering valid email....
15:45:18.112 [main] INFO  testCases.TC_002_LoginTest - entering valid password....
15:45:18.223 [main] INFO  testCases.TC_002_LoginTest - clicking on login button....
15:45:19.251 [main] INFO  testCases.TC_002_LoginTest - login test passed....
15:45:19.251 [main] INFO  testCases.TC_002_LoginTest - ***** Finished TC_002_LoginTest *****
17:42:58.561 [main] INFO  testCases.TC_001_AccountRegistrationTest - ****** starting TC_001_AccountRegistrationTest *******
17:42:58.574 [main] DEBUG testCases.TC_001_AccountRegistrationTest - application log started.....
17:42:58.662 [main] INFO  testCases.TC_001_AccountRegistrationTest - Clicking on Registration link
17:42:59.429 [main] INFO  testCases.TC_001_AccountRegistrationTest - Entering customer information
17:43:00.511 [main] INFO  testCases.TC_001_AccountRegistrationTest - Clicked on Register button.....
17:43:03.227 [main] INFO  testCases.TC_001_AccountRegistrationTest - Validating expected mssg.....
17:43:03.300 [main] INFO  testCases.TC_001_AccountRegistrationTest - ****** Finished TC_001_AccountRegistrationTest *******
17:43:03.300 [main] DEBUG testCases.TC_001_AccountRegistrationTest - application log finished....
17:43:06.573 [main] INFO  testCases.TC_002_LoginTest - ***** Starting TC_002_LoginTest *****
17:43:06.574 [main] DEBUG testCases.TC_002_LoginTest - capturing application debug logs.....
17:43:07.641 [main] INFO  testCases.TC_002_LoginTest - Clicked on Login link.....
17:43:07.657 [main] INFO  testCases.TC_002_LoginTest - entering valid email....
17:43:07.792 [main] INFO  testCases.TC_002_LoginTest - entering valid password....
17:43:07.900 [main] INFO  testCases.TC_002_LoginTest - clicking on login button....
17:43:18.510 [main] ERROR testCases.TC_002_LoginTest - login test failed
18:34:29.193 [main] INFO  testCases.TC_001_AccountRegistrationTest - ****** starting TC_001_AccountRegistrationTest *******
18:34:29.203 [main] DEBUG testCases.TC_001_AccountRegistrationTest - application log started.....
18:34:29.238 [main] INFO  testCases.TC_001_AccountRegistrationTest - Clicking on Registration link
18:34:29.930 [main] INFO  testCases.TC_001_AccountRegistrationTest - Entering customer information
18:34:31.062 [main] INFO  testCases.TC_001_AccountRegistrationTest - Clicked on Register button.....
18:34:31.994 [main] INFO  testCases.TC_001_AccountRegistrationTest - Validating expected mssg.....
18:34:32.071 [main] INFO  testCases.TC_001_AccountRegistrationTest - test failed....
18:34:35.563 [main] INFO  testCases.TC_002_LoginTest - ***** Starting TC_002_LoginTest *****
18:34:35.564 [main] DEBUG testCases.TC_002_LoginTest - capturing application debug logs.....
18:34:36.456 [main] INFO  testCases.TC_002_LoginTest - Clicked on Login link.....
18:34:36.464 [main] INFO  testCases.TC_002_LoginTest - entering valid email....
18:34:36.602 [main] INFO  testCases.TC_002_LoginTest - entering valid password....
18:34:36.711 [main] INFO  testCases.TC_002_LoginTest - clicking on login button....
18:34:47.250 [main] ERROR testCases.TC_002_LoginTest - login test failed
13:17:48.476 [main] INFO  testCases.TC_001_AccountRegistrationTest - ****** starting TC_001_AccountRegistrationTest *******
13:17:48.479 [main] DEBUG testCases.TC_001_AccountRegistrationTest - application log started.....
13:17:48.524 [main] INFO  testCases.TC_001_AccountRegistrationTest - Clicking on Registration link
13:17:48.524 [main] ERROR testCases.TC_001_AccountRegistrationTest - test failed....
13:19:55.307 [main] INFO  testCases.TC_001_AccountRegistrationTest - ****** starting TC_001_AccountRegistrationTest *******
13:19:55.310 [main] DEBUG testCases.TC_001_AccountRegistrationTest - application log started.....
13:19:55.340 [main] INFO  testCases.TC_001_AccountRegistrationTest - Clicking on Registration link
13:19:55.340 [main] ERROR testCases.TC_001_AccountRegistrationTest - test failed....
13:21:24.067 [main] INFO  testCases.TC_001_AccountRegistrationTest - ****** starting TC_001_AccountRegistrationTest *******
13:21:24.073 [main] DEBUG testCases.TC_001_AccountRegistrationTest - application log started.....
13:21:24.111 [main] INFO  testCases.TC_001_AccountRegistrationTest - Clicking on Registration link
13:21:24.882 [main] INFO  testCases.TC_001_AccountRegistrationTest - Entering customer information
13:21:26.456 [main] INFO  testCases.TC_001_AccountRegistrationTest - Clicked on Register button.....
